["telemetry",{"ptsx":[-32.16173,-43.49173,-61.09,-78.29172,-93.05002,-107.7717],"ptsy":[113.361,105.941,92.88499,78.73102,65.34102,50.57938],"psi_unity":4.12033,"psi":3.733651,"x":-40.62,"y":108.73,"steering_angle":0,"throttle":0,"speed":0}]
["telemetry",{"ptsx":[-32.16173,-43.49173,-61.09,-78.29172,-93.05002,-107.7717],"ptsy":[113.361,105.941,92.88499,78.73102,65.34102,50.57938],"psi_unity":4.12033,"psi":3.733651,"x":-40.62,"y":108.73,"steering_angle":0,"throttle":0,"speed":3.504024}]
["telemetry",{"ptsx":[-32.16173,-43.49173,-61.09,-78.29172,-93.05002,-107.7717],"ptsy":[113.361,105.941,92.88499,78.73102,65.34102,50.57938],"psi_unity":4.12033,"psi":3.733651,"x":-40.62001,"y":108.73,"steering_angle":-0.001144979,"throttle":1,"speed":6.569953}]
["telemetry",{"ptsx":[-32.16173,-43.49173,-61.09,-78.29172,-93.05002,-107.7717],"ptsy":[113.361,105.941,92.88499,78.73102,65.34102,50.57938],"psi_unity":4.116159,"psi":3.737823,"x":-40.64588,"y":108.7033,"steering_angle":-0.3443584,"throttle":1,"speed":1.496471}]
["telemetry",{"ptsx":[-32.16173,-43.49173,-61.09,-78.29172,-93.05002,-107.7717],"ptsy":[113.361,105.941,92.88499,78.73102,65.34102,50.57938],"psi_unity":4.108639,"psi":3.745342,"x":-40.68863,"y":108.6596,"steering_angle":-0.3443584,"throttle":1,"speed":1.648188}]
["telemetry",{"ptsx":[-32.16173,-43.49173,-61.09,-78.29172,-93.05002,-107.7717],"ptsy":[113.361,105.941,92.88499,78.73102,65.34102,50.57938],"psi_unity":4.096751,"psi":3.75723,"x":-40.76544,"y":108.5827,"steering_angle":-0.3081224,"throttle":1,"speed":2.085864}]
["telemetry",{"ptsx":[-32.16173,-43.49173,-61.09,-78.29172,-93.05002,-107.7717],"ptsy":[113.361,105.941,92.88499,78.73102,65.34102,50.57938],"psi_unity":4.079563,"psi":3.774418,"x":-40.87888,"y":108.4667,"steering_angle":-0.3074339,"throttle":1,"speed":3.017009}]
["telemetry",{"ptsx":[-32.16173,-43.49173,-61.09,-78.29172,-93.05002,-107.7717],"ptsy":[113.361,105.941,92.88499,78.73102,65.34102,50.57938],"psi_unity":4.05375,"psi":3.800232,"x":-41.0319,"y":108.2989,"steering_angle":-0.3350285,"throttle":1,"speed":4.121001}]
["telemetry",{"ptsx":[-32.16173,-43.49173,-61.09,-78.29172,-93.05002,-107.7717],"ptsy":[113.361,105.941,92.88499,78.73102,65.34102,50.57938],"psi_unity":4.019119,"psi":3.834862,"x":-41.22986,"y":108.0683,"steering_angle":-0.2481492,"throttle":1,"speed":5.447708}]
["telemetry",{"ptsx":[-32.16173,-43.49173,-61.09,-78.29172,-93.05002,-107.7717],"ptsy":[113.361,105.941,92.88499,78.73102,65.34102,50.57938],"psi_unity":3.98908,"psi":3.864902,"x":-41.44901,"y":107.8172,"steering_angle":-0.2481492,"throttle":1,"speed":6.773179}]
["telemetry",{"ptsx":[-32.16173,-43.49173,-61.09,-78.29172,-93.05002,-107.7717],"ptsy":[113.361,105.941,92.88499,78.73102,65.34102,50.57938],"psi_unity":3.965974,"psi":3.888008,"x":-41.77974,"y":107.4684,"steering_angle":-0.1008091,"throttle":1,"speed":8.361093}]
["telemetry",{"ptsx":[-32.16173,-43.49173,-61.09,-78.29172,-93.05002,-107.7717],"ptsy":[113.361,105.941,92.88499,78.73102,65.34102,50.57938],"psi_unity":3.961705,"psi":3.892277,"x":-42.1982,"y":107.0694,"steering_angle":0.01734674,"throttle":1,"speed":9.905158}]
["telemetry",{"ptsx":[-32.16173,-43.49173,-61.09,-78.29172,-93.05002,-107.7717],"ptsy":[113.361,105.941,92.88499,78.73102,65.34102,50.57938],"psi_unity":3.98296,"psi":3.871022,"x":-42.79276,"y":106.568,"steering_angle":0.1363437,"throttle":1,"speed":11.69999}]
["telemetry",{"ptsx":[-32.16173,-43.49173,-61.09,-78.29172,-93.05002,-107.7717],"ptsy":[113.361,105.941,92.88499,78.73102,65.34102,50.57938],"psi_unity":4.016626,"psi":3.837355,"x":-43.41139,"y":106.0982,"steering_angle":0.1044907,"throttle":1,"speed":13.0793}]
["telemetry",{"ptsx":[-43.49173,-61.09,-78.29172,-93.05002,-107.7717,-123.3917],"ptsy":[105.941,92.88499,78.73102,65.34102,50.57938,33.37102],"psi_unity":4.045969,"psi":3.808012,"x":-44.0148,"y":105.6638,"steering_angle":0.1044907,"throttle":1,"speed":14.2949}]
["telemetry",{"ptsx":[-43.49173,-61.09,-78.29172,-93.05002,-107.7717,-123.3917],"ptsy":[105.941,92.88499,78.73102,65.34102,50.57938,33.37102],"psi_unity":4.075075,"psi":3.778906,"x":-44.91235,"y":105.0311,"steering_angle":0.05411324,"throttle":1,"speed":15.97503}]
["telemetry",{"ptsx":[-43.49173,-61.09,-78.29172,-93.05002,-107.7717,-123.3917],"ptsy":[105.941,92.88499,78.73102,65.34102,50.57938,33.37102],"psi_unity":4.092288,"psi":3.761694,"x":-45.78388,"y":104.4263,"steering_angle":0.03082929,"throttle":1,"speed":17.66409}]
["telemetry",{"ptsx":[-43.49173,-61.09,-78.29172,-93.05002,-107.7717,-123.3917],"ptsy":[105.941,92.88499,78.73102,65.34102,50.57938,33.37102],"psi_unity":4.093503,"psi":3.760479,"x":-46.86102,"y":103.6605,"steering_angle":-0.02030947,"throttle":1,"speed":19.26861}]
["telemetry",{"ptsx":[-43.49173,-61.09,-78.29172,-93.05002,-107.7717,-123.3917],"ptsy":[105.941,92.88499,78.73102,65.34102,50.57938,33.37102],"psi_unity":4.087772,"psi":3.766209,"x":-47.72398,"y":103.0321,"steering_angle":-0.02030947,"throttle":1,"speed":20.46284}]
["telemetry",{"ptsx":[-43.49173,-61.09,-78.29172,-93.05002,-107.7717,-123.3917],"ptsy":[105.941,92.88499,78.73102,65.34102,50.57938,33.37102],"psi_unity":4.075764,"psi":3.778218,"x":-48.78627,"y":102.2373,"steering_angle":-0.03644604,"throttle":1,"speed":21.76696}]
["telemetry",{"ptsx":[-43.49173,-61.09,-78.29172,-93.05002,-107.7717,-123.3917],"ptsy":[105.941,92.88499,78.73102,65.34102,50.57938,33.37102],"psi_unity":4.066777,"psi":3.787205,"x":-49.9124,"y":101.3826,"steering_angle":-0.002897286,"throttle":1,"speed":23.18616}]
["telemetry",{"ptsx":[-43.49173,-61.09,-78.29172,-93.05002,-107.7717,-123.3917],"ptsy":[105.941,92.88499,78.73102,65.34102,50.57938,33.37102],"psi_unity":4.059545,"psi":3.794437,"x":-51.10145,"y":100.4701,"steering_angle":-0.01578402,"throttle":1,"speed":24.52468}]
["telemetry",{"ptsx":[-43.49173,-61.09,-78.29172,-93.05002,-107.7717,-123.3917],"ptsy":[105.941,92.88499,78.73102,65.34102,50.57938,33.37102],"psi_unity":4.061412,"psi":3.79257,"x":-52.36109,"y":99.51224,"steering_angle":0.02826946,"throttle":1,"speed":25.85268}]
["telemetry",{"ptsx":[-43.49173,-61.09,-78.29172,-93.05002,-107.7717,-123.3917],"ptsy":[105.941,92.88499,78.73102,65.34102,50.57938,33.37102],"psi_unity":4.060916,"psi":3.793065,"x":-53.68582,"y":98.50386,"steering_angle":-0.02054035,"throttle":1,"speed":27.16158}]
["telemetry",{"ptsx":[-43.49173,-61.09,-78.29172,-93.05002,-107.7717,-123.3917],"ptsy":[105.941,92.88499,78.73102,65.34102,50.57938,33.37102],"psi_unity":4.071167,"psi":3.782815,"x":-55.08585,"y":97.46173,"steering_angle":0.05273355,"throttle":1,"speed":28.43357}]
["telemetry",{"ptsx":[-43.49173,-61.09,-78.29172,-93.05002,-107.7717,-123.3917],"ptsy":[105.941,92.88499,78.73102,65.34102,50.57938,33.37102],"psi_unity":4.063759,"psi":3.790222,"x":-56.53691,"y":96.36004,"steering_angle":0.1271779,"throttle":1,"speed":29.61158}]
["telemetry",{"ptsx":[-43.49173,-61.09,-78.29172,-93.05002,-107.7717,-123.3917],"ptsy":[105.941,92.88499,78.73102,65.34102,50.57938,33.37102],"psi_unity":4.085094,"psi":3.768887,"x":-57.85,"y":95.41635,"steering_angle":0.1271779,"throttle":1,"speed":30.5509}]
["telemetry",{"ptsx":[-43.49173,-61.09,-78.29172,-93.05002,-107.7717,-123.3917],"ptsy":[105.941,92.88499,78.73102,65.34102,50.57938,33.37102],"psi_unity":4.074149,"psi":3.779833,"x":-59.3888,"y":94.2808,"steering_angle":-0.2668,"throttle":0.5056284,"speed":30.4972}]
["telemetry",{"ptsx":[-43.49173,-61.09,-78.29172,-93.05002,-107.7717,-123.3917],"ptsy":[105.941,92.88499,78.73102,65.34102,50.57938,33.37102],"psi_unity":4.054621,"psi":3.79936,"x":-60.82613,"y":93.15513,"steering_angle":-0.4363323,"throttle":0,"speed":27.8109}]
["telemetry",{"ptsx":[-61.09,-78.29172,-93.05002,-107.7717,-123.3917,-134.97],"ptsy":[92.88499,78.73102,65.34102,50.57938,33.37102,18.404],"psi_unity":4.024628,"psi":3.829354,"x":-61.90616,"y":92.25239,"steering_angle":-0.4363323,"throttle":0,"speed":25.13686}]
["telemetry",{"ptsx":[-61.09,-78.29172,-93.05002,-107.7717,-123.3917,-134.97],"ptsy":[92.88499,78.73102,65.34102,50.57938,33.37102,18.404],"psi_unity":4.007703,"psi":3.846278,"x":-63.06189,"y":91.25397,"steering_angle":0.4363323,"throttle":0.8731821,"speed":24.47979}]
["telemetry",{"ptsx":[-61.09,-78.29172,-93.05002,-107.7717,-123.3917,-134.97],"ptsy":[92.88499,78.73102,65.34102,50.57938,33.37102,18.404],"psi_unity":3.977776,"psi":3.876206,"x":-64.20944,"y":90.21298,"steering_angle":-0.4363323,"throttle":1,"speed":24.98472}]
["telemetry",{"ptsx":[-61.09,-78.29172,-93.05002,-107.7717,-123.3917,-134.97],"ptsy":[92.88499,78.73102,65.34102,50.57938,33.37102,18.404],"psi_unity":3.959558,"psi":3.894424,"x":-65.3557,"y":89.12218,"steering_angle":0.4363323,"throttle":1,"speed":25.50367}]
["telemetry",{"ptsx":[-61.09,-78.29172,-93.05002,-107.7717,-123.3917,-134.97],"ptsy":[92.88499,78.73102,65.34102,50.57938,33.37102,18.404],"psi_unity":3.931078,"psi":3.922904,"x":-66.50039,"y":87.98689,"steering_angle":-0.4363323,"throttle":1,"speed":25.97422}]
["telemetry",{"ptsx":[-61.09,-78.29172,-93.05002,-107.7717,-123.3917,-134.97],"ptsy":[92.88499,78.73102,65.34102,50.57938,33.37102,18.404],"psi_unity":3.914863,"psi":3.939119,"x":-67.64155,"y":86.80321,"steering_angle":0.4363323,"throttle":1,"speed":26.4806}]
["telemetry",{"ptsx":[-61.09,-78.29172,-93.05002,-107.7717,-123.3917,-134.97],"ptsy":[92.88499,78.73102,65.34102,50.57938,33.37102,18.404],"psi_unity":3.88552,"psi":3.968462,"x":-68.77733,"y":85.5723,"steering_angle":-0.3739027,"throttle":1,"speed":27.00777}]
["telemetry",{"ptsx":[-61.09,-78.29172,-93.05002,-107.7717,-123.3917,-134.97],"ptsy":[92.88499,78.73102,65.34102,50.57938,33.37102,18.404],"psi_unity":3.867691,"psi":3.98629,"x":-69.90453,"y":84.28788,"steering_angle":0.4363323,"throttle":1,"speed":27.49886}]
["telemetry",{"ptsx":[-61.09,-78.29172,-93.05002,-107.7717,-123.3917,-134.97],"ptsy":[92.88499,78.73102,65.34102,50.57938,33.37102,18.404],"psi_unity":3.820542,"psi":4.03344,"x":-71.3406,"y":82.53885,"steering_angle":-0.1756947,"throttle":1,"speed":28.75547}]
["telemetry",{"ptsx":[-61.09,-78.29172,-93.05002,-107.7717,-123.3917,-134.97],"ptsy":[92.88499,78.73102,65.34102,50.57938,33.37102,18.404],"psi_unity":3.797239,"psi":4.056742,"x":-72.28415,"y":81.29984,"steering_angle":0.4363323,"throttle":1,"speed":29.17136}]
["telemetry",{"ptsx":[-61.09,-78.29172,-93.05002,-107.7717,-123.3917,-134.97],"ptsy":[92.88499,78.73102,65.34102,50.57938,33.37102,18.404],"psi_unity":3.829587,"psi":4.024395,"x":-73.47942,"y":79.87491,"steering_angle":0.117174,"throttle":0.9157605,"speed":30.17247}]
