["telemetry",{"ptsx":[-32.16173,-43.49173,-61.09,-78.29172,-93.05002,-107.7717],"ptsy":[113.361,105.941,92.88499,78.73102,65.34102,50.57938],"psi_unity":4.12033,"psi":3.733651,"x":-40.62,"y":108.73,"steering_angle":0,"throttle":0,"speed":1.752026}]
["telemetry",{"ptsx":[-32.16173,-43.49173,-61.09,-78.29172,-93.05002,-107.7717],"ptsy":[113.361,105.941,92.88499,78.73102,65.34102,50.57938],"psi_unity":4.12033,"psi":3.733651,"x":-40.62,"y":108.73,"steering_angle":0,"throttle":0,"speed":5.255994}]
["telemetry",{"ptsx":[-32.16173,-43.49173,-61.09,-78.29172,-93.05002,-107.7717],"ptsy":[113.361,105.941,92.88499,78.73102,65.34102,50.57938],"psi_unity":4.120013,"psi":3.733968,"x":-40.62549,"y":108.7263,"steering_angle":-0.00105712,"throttle":1,"speed":3.202616}]
["telemetry",{"ptsx":[-32.16173,-43.49173,-61.09,-78.29172,-93.05002,-107.7717],"ptsy":[113.361,105.941,92.88499,78.73102,65.34102,50.57938],"psi_unity":4.119405,"psi":3.734577,"x":-40.6538,"y":108.7071,"steering_angle":-0.009699353,"throttle":1,"speed":1.930713}]
["telemetry",{"ptsx":[-32.16173,-43.49173,-61.09,-78.29172,-93.05002,-107.7717],"ptsy":[113.361,105.941,92.88499,78.73102,65.34102,50.57938],"psi_unity":4.11945,"psi":3.734532,"x":-40.7051,"y":108.6722,"steering_angle":-0.01239263,"throttle":1,"speed":1.439476}]
["telemetry",{"ptsx":[-32.16173,-43.49173,-61.09,-78.29172,-93.05002,-107.7717],"ptsy":[113.361,105.941,92.88499,78.73102,65.34102,50.57938],"psi_unity":4.119045,"psi":3.734937,"x":-40.78309,"y":108.6188,"steering_angle":-0.01285173,"throttle":1,"speed":2.088419}]
["telemetry",{"ptsx":[-32.16173,-43.49173,-61.09,-78.29172,-93.05002,-107.7717],"ptsy":[113.361,105.941,92.88499,78.73102,65.34102,50.57938],"psi_unity":4.118397,"psi":3.735584,"x":-40.89495,"y":108.5422,"steering_angle":-0.01274658,"throttle":1,"speed":2.87221}]
["telemetry",{"ptsx":[-32.16173,-43.49173,-61.09,-78.29172,-93.05002,-107.7717],"ptsy":[113.361,105.941,92.88499,78.73102,65.34102,50.57938],"psi_unity":4.117566,"psi":3.736416,"x":-41.0451,"y":108.4391,"steering_angle":-0.01337921,"throttle":1,"speed":3.795327}]
["telemetry",{"ptsx":[-32.16173,-43.49173,-61.09,-78.29172,-93.05002,-107.7717],"ptsy":[113.361,105.941,92.88499,78.73102,65.34102,50.57938],"psi_unity":4.116356,"psi":3.737625,"x":-41.23976,"y":108.3049,"steering_angle":-0.01514838,"throttle":1,"speed":4.868742}]
["telemetry",{"ptsx":[-32.16173,-43.49173,-61.09,-78.29172,-93.05002,-107.7717],"ptsy":[113.361,105.941,92.88499,78.73102,65.34102,50.57938],"psi_unity":4.114522,"psi":3.73946,"x":-41.48561,"y":108.1344,"steering_angle":-0.01856544,"throttle":1,"speed":6.105731}]
["telemetry",{"ptsx":[-32.16173,-43.49173,-61.09,-78.29172,-93.05002,-107.7717],"ptsy":[113.361,105.941,92.88499,78.73102,65.34102,50.57938],"psi_unity":4.111638,"psi":3.742344,"x":-41.7885,"y":107.9221,"steering_angle":-0.02421529,"throttle":1,"speed":7.464221}]
["telemetry",{"ptsx":[-32.16173,-43.49173,-61.09,-78.29172,-93.05002,-107.7717],"ptsy":[113.361,105.941,92.88499,78.73102,65.34102,50.57938],"psi_unity":4.107096,"psi":3.746886,"x":-42.14927,"y":107.6652,"steering_angle":-0.03261691,"throttle":1,"speed":8.81813}]
["telemetry",{"ptsx":[-32.16173,-43.49173,-61.09,-78.29172,-93.05002,-107.7717],"ptsy":[113.361,105.941,92.88499,78.73102,65.34102,50.57938],"psi_unity":4.100121,"psi":3.75386,"x":-42.56559,"y":107.3622,"steering_angle":-0.04369479,"throttle":1,"speed":10.15501}]
["telemetry",{"ptsx":[-32.16173,-43.49173,-61.09,-78.29172,-93.05002,-107.7717],"ptsy":[113.361,105.941,92.88499,78.73102,65.34102,50.57938],"psi_unity":4.091826,"psi":3.762155,"x":-42.95282,"y":107.0726,"steering_angle":-0.05601804,"throttle":1,"speed":11.25565}]
["telemetry",{"ptsx":[-32.16173,-43.49173,-61.09,-78.29172,-93.05002,-107.7717],"ptsy":[113.361,105.941,92.88499,78.73102,65.34102,50.57938],"psi_unity":4.078061,"psi":3.77592,"x":-43.46097,"y":106.6795,"steering_angle":-0.06698608,"throttle":1,"speed":12.58142}]
["telemetry",{"ptsx":[-43.49173,-61.09,-78.29172,-93.05002,-107.7717,-123.3917],"ptsy":[105.941,92.88499,78.73102,65.34102,50.57938,33.37102],"psi_unity":4.06144,"psi":3.792542,"x":-44.01581,"y":106.2331,"steering_angle":-0.07375098,"throttle":1,"speed":13.75455}]
["telemetry",{"ptsx":[-43.49173,-61.09,-78.29172,-93.05002,-107.7717,-123.3917],"ptsy":[105.941,92.88499,78.73102,65.34102,50.57938,33.37102],"psi_unity":4.041256,"psi":3.812726,"x":-44.61502,"y":105.7316,"steering_angle":-0.07269269,"throttle":1,"speed":14.93437}]
["telemetry",{"ptsx":[-43.49173,-61.09,-78.29172,-93.05002,-107.7717,-123.3917],"ptsy":[105.941,92.88499,78.73102,65.34102,50.57938,33.37102],"psi_unity":4.021404,"psi":3.832577,"x":-45.25791,"y":105.1751,"steering_angle":-0.06135041,"throttle":1,"speed":16.26372}]
["telemetry",{"ptsx":[-43.49173,-61.09,-78.29172,-93.05002,-107.7717,-123.3917],"ptsy":[105.941,92.88499,78.73102,65.34102,50.57938,33.37102],"psi_unity":4.004293,"psi":3.849688,"x":-45.94503,"y":104.5667,"steering_angle":-0.04076664,"throttle":1,"speed":17.52512}]
["telemetry",{"ptsx":[-43.49173,-61.09,-78.29172,-93.05002,-107.7717,-123.3917],"ptsy":[105.941,92.88499,78.73102,65.34102,50.57938,33.37102],"psi_unity":3.993247,"psi":3.860735,"x":-46.67986,"y":103.9114,"steering_angle":-0.01338897,"throttle":1,"speed":18.78434}]
["telemetry",{"ptsx":[-43.49173,-61.09,-78.29172,-93.05002,-107.7717,-123.3917],"ptsy":[105.941,92.88499,78.73102,65.34102,50.57938,33.37102],"psi_unity":3.990727,"psi":3.863254,"x":-47.46737,"y":103.2167,"steering_angle":0.01513681,"throttle":1,"speed":20.01874}]
["telemetry",{"ptsx":[-43.49173,-61.09,-78.29172,-93.05002,-107.7717,-123.3917],"ptsy":[105.941,92.88499,78.73102,65.34102,50.57938,33.37102],"psi_unity":3.997581,"psi":3.856401,"x":-48.31306,"y":102.4905,"steering_angle":0.03880998,"throttle":1,"speed":21.23369}]
["telemetry",{"ptsx":[-43.49173,-61.09,-78.29172,-93.05002,-107.7717,-123.3917],"ptsy":[105.941,92.88499,78.73102,65.34102,50.57938,33.37102],"psi_unity":4.012717,"psi":3.841265,"x":-49.22164,"y":101.7402,"steering_angle":0.05298754,"throttle":1,"speed":22.43277}]
["telemetry",{"ptsx":[-43.49173,-61.09,-78.29172,-93.05002,-107.7717,-123.3917],"ptsy":[105.941,92.88499,78.73102,65.34102,50.57938,33.37102],"psi_unity":4.033406,"psi":3.820575,"x":-50.19585,"y":100.9711,"steering_angle":0.05591851,"throttle":1,"speed":23.61395}]
["telemetry",{"ptsx":[-43.49173,-61.09,-78.29172,-93.05002,-107.7717,-123.3917],"ptsy":[105.941,92.88499,78.73102,65.34102,50.57938,33.37102],"psi_unity":4.056083,"psi":3.797899,"x":-51.23613,"y":100.1859,"steering_angle":0.04868544,"throttle":1,"speed":24.77549}]
["telemetry",{"ptsx":[-43.49173,-61.09,-78.29172,-93.05002,-107.7717,-123.3917],"ptsy":[105.941,92.88499,78.73102,65.34102,50.57938,33.37102],"psi_unity":4.077123,"psi":3.776859,"x":-52.34052,"y":99.38367,"steering_angle":0.03430418,"throttle":1,"speed":25.91981}]
["telemetry",{"ptsx":[-43.49173,-61.09,-78.29172,-93.05002,-107.7717,-123.3917],"ptsy":[105.941,92.88499,78.73102,65.34102,50.57938,33.37102],"psi_unity":4.093371,"psi":3.760611,"x":-53.50491,"y":98.56075,"steering_angle":0.0164638,"throttle":1,"speed":27.04834}]
["telemetry",{"ptsx":[-43.49173,-61.09,-78.29172,-93.05002,-107.7717,-123.3917],"ptsy":[105.941,92.88499,78.73102,65.34102,50.57938,33.37102],"psi_unity":4.102678,"psi":3.751304,"x":-54.7236,"y":97.71069,"steering_angle":-0.00137503,"throttle":1,"speed":28.16083}]
["telemetry",{"ptsx":[-43.49173,-61.09,-78.29172,-93.05002,-107.7717,-123.3917],"ptsy":[105.941,92.88499,78.73102,65.34102,50.57938,33.37102],"psi_unity":4.104187,"psi":3.749794,"x":-55.99009,"y":96.8257,"steering_angle":-0.01644583,"throttle":1,"speed":29.25764}]
["telemetry",{"ptsx":[-43.49173,-61.09,-78.29172,-93.05002,-107.7717,-123.3917],"ptsy":[105.941,92.88499,78.73102,65.34102,50.57938,33.37102],"psi_unity":4.098321,"psi":3.75566,"x":-57.29786,"y":95.89794,"steering_angle":-0.02694827,"throttle":1,"speed":30.34006}]
["telemetry",{"ptsx":[-43.49173,-61.09,-78.29172,-93.05002,-107.7717,-123.3917],"ptsy":[105.941,92.88499,78.73102,65.34102,50.57938,33.37102],"psi_unity":4.086491,"psi":3.76749,"x":-58.64106,"y":94.92068,"steering_angle":-0.03217256,"throttle":1,"speed":31.40955}]
["telemetry",{"ptsx":[-43.49173,-61.09,-78.29172,-93.05002,-107.7717,-123.3917],"ptsy":[105.941,92.88499,78.73102,65.34102,50.57938,33.37102],"psi_unity":4.070754,"psi":3.783228,"x":-60.01502,"y":93.88915,"steering_angle":-0.03237437,"throttle":1,"speed":32.46701}]
["telemetry",{"ptsx":[-61.09,-78.29172,-93.05002,-107.7717,-123.3917,-134.97],"ptsy":[92.88499,78.73102,65.34102,50.57938,33.37102,18.404],"psi_unity":4.05338,"psi":3.800602,"x":-61.41669,"y":92.80105,"steering_angle":-0.02848926,"throttle":1,"speed":33.51273}]
["telemetry",{"ptsx":[-61.09,-78.29172,-93.05002,-107.7717,-123.3917,-134.97],"ptsy":[92.88499,78.73102,65.34102,50.57938,33.37102,18.404],"psi_unity":4.036505,"psi":3.817476,"x":-62.84483,"y":91.65652,"steering_angle":-0.02185839,"throttle":1,"speed":34.54638}]
["telemetry",{"ptsx":[-61.09,-78.29172,-93.05002,-107.7717,-123.3917,-134.97],"ptsy":[92.88499,78.73102,65.34102,50.57938,33.37102,18.404],"psi_unity":4.021263,"psi":3.832719,"x":-64.29921,"y":90.457,"steering_angle":-0.01731432,"throttle":1,"speed":35.56731}]
["telemetry",{"ptsx":[-61.09,-78.29172,-93.05002,-107.7717,-123.3917,-134.97],"ptsy":[92.88499,78.73102,65.34102,50.57938,33.37102,18.404],"psi_unity":4.008977,"psi":3.845005,"x":-65.7813,"y":89.20581,"steering_angle":-0.008238185,"throttle":1,"speed":36.57566}]
["telemetry",{"ptsx":[-61.09,-78.29172,-93.05002,-107.7717,-123.3917,-134.97],"ptsy":[92.88499,78.73102,65.34102,50.57938,33.37102,18.404],"psi_unity":4.000589,"psi":3.853393,"x":-67.2942,"y":87.90798,"steering_angle":-0.001345405,"throttle":1,"speed":37.57121}]
["telemetry",{"ptsx":[-61.09,-78.29172,-93.05002,-107.7717,-123.3917,-134.97],"ptsy":[92.88499,78.73102,65.34102,50.57938,33.37102,18.404],"psi_unity":3.996332,"psi":3.85765,"x":-68.84166,"y":86.56904,"steering_angle":0.004630332,"throttle":1,"speed":38.55407}]
["telemetry",{"ptsx":[-61.09,-78.29172,-93.05002,-107.7717,-123.3917,-134.97],"ptsy":[92.88499,78.73102,65.34102,50.57938,33.37102,18.404],"psi_unity":3.995847,"psi":3.858134,"x":-70.42745,"y":85.19443,"steering_angle":0.008124271,"throttle":1,"speed":39.52458}]
["telemetry",{"ptsx":[-61.09,-78.29172,-93.05002,-107.7717,-123.3917,-134.97],"ptsy":[92.88499,78.73102,65.34102,50.57938,33.37102,18.404],"psi_unity":3.998277,"psi":3.855704,"x":-72.0547,"y":83.78871,"steering_angle":0.009369028,"throttle":1,"speed":40.48324}]
["telemetry",{"ptsx":[-61.09,-78.29172,-93.05002,-107.7717,-123.3917,-134.97],"ptsy":[92.88499,78.73102,65.34102,50.57938,33.37102,18.404],"psi_unity":4.002448,"psi":3.851534,"x":-73.72535,"y":82.35515,"steering_angle":0.008274706,"throttle":1,"speed":41.43016}]
["telemetry",{"ptsx":[-61.09,-78.29172,-93.05002,-107.7717,-123.3917,-134.97],"ptsy":[92.88499,78.73102,65.34102,50.57938,33.37102,18.404],"psi_unity":4.007054,"psi":3.846927,"x":-75.43983,"y":80.89523,"steering_angle":0.005377145,"throttle":1,"speed":42.36551}]
["telemetry",{"ptsx":[-61.09,-78.29172,-93.05002,-107.7717,-123.3917,-134.97],"ptsy":[92.88499,78.73102,65.34102,50.57938,33.37102,18.404],"psi_unity":4.010767,"psi":3.843215,"x":-77.19693,"y":79.40856,"steering_angle":-0.003530014,"throttle":1,"speed":43.28927}]
["telemetry",{"ptsx":[-78.29172,-93.05002,-107.7717,-123.3917,-134.97,-145.1165],"ptsy":[78.73102,65.34102,50.57938,33.37102,18.404,4.339378],"psi_unity":4.012318,"psi":3.841664,"x":-78.99358,"y":77.89249,"steering_angle":-0.008119254,"throttle":1,"speed":44.20134}]
["telemetry",{"ptsx":[-78.29172,-93.05002,-107.7717,-123.3917,-134.97,-145.1165],"ptsy":[78.73102,65.34102,50.57938,33.37102,18.404,4.339378],"psi_unity":4.011036,"psi":3.842945,"x":-80.82568,"y":76.34312,"steering_angle":-0.01144308,"throttle":1,"speed":45.10184}]
["telemetry",{"ptsx":[-78.29172,-93.05002,-107.7717,-123.3917,-134.97,-145.1165],"ptsy":[78.73102,65.34102,50.57938,33.37102,18.404,4.339378],"psi_unity":4.006795,"psi":3.847187,"x":-82.6886,"y":74.75596,"steering_angle":-0.01144308,"throttle":1,"speed":45.99104}]
["telemetry",{"ptsx":[-78.29172,-93.05002,-107.7717,-123.3917,-134.97,-145.1165],"ptsy":[78.73102,65.34102,50.57938,33.37102,18.404,4.339378],"psi_unity":3.999701,"psi":3.854281,"x":-84.57753,"y":73.12641,"steering_angle":-0.01462826,"throttle":1,"speed":46.86896}]
["telemetry",{"ptsx":[-78.29172,-93.05002,-107.7717,-123.3917,-134.97,-145.1165],"ptsy":[78.73102,65.34102,50.57938,33.37102,18.404,4.339378],"psi_unity":3.990087,"psi":3.863895,"x":-86.48762,"y":71.44996,"steering_angle":-0.01574127,"throttle":1,"speed":47.73603}]
["telemetry",{"ptsx":[-78.29172,-93.05002,-107.7717,-123.3917,-134.97,-145.1165],"ptsy":[78.73102,65.34102,50.57938,33.37102,18.404,4.339378],"psi_unity":3.978571,"psi":3.87541,"x":-88.41461,"y":69.72298,"steering_angle":-0.01609009,"throttle":1,"speed":48.59239}]
["telemetry",{"ptsx":[-78.29172,-93.05002,-107.7717,-123.3917,-134.97,-145.1165],"ptsy":[78.73102,65.34102,50.57938,33.37102,18.404,4.339378],"psi_unity":3.965987,"psi":3.887995,"x":-90.35518,"y":67.94304,"steering_angle":-0.01472583,"throttle":1,"speed":49.43835}]
["telemetry",{"ptsx":[-78.29172,-93.05002,-107.7717,-123.3917,-134.97,-145.1165],"ptsy":[78.73102,65.34102,50.57938,33.37102,18.404,4.339378],"psi_unity":3.953197,"psi":3.900785,"x":-92.30722,"y":66.10925,"steering_angle":-0.01277454,"throttle":1,"speed":50.27407}]
["telemetry",{"ptsx":[-93.05002,-107.7717,-123.3917,-134.97,-145.1165,-158.3417],"ptsy":[65.34102,50.57938,33.37102,18.404,4.339378,-17.42898],"psi_unity":3.941042,"psi":3.91294,"x":-94.26998,"y":64.22211,"steering_angle":-0.009909116,"throttle":1,"speed":51.09962}]
["telemetry",{"ptsx":[-93.05002,-107.7717,-123.3917,-134.97,-145.1165,-158.3417],"ptsy":[65.34102,50.57938,33.37102,18.404,4.339378,-17.42898],"psi_unity":3.930183,"psi":3.923798,"x":-96.24398,"y":62.28344,"steering_angle":-0.00713498,"throttle":1,"speed":51.91505}]
["telemetry",{"ptsx":[-93.05002,-107.7717,-123.3917,-134.97,-145.1165,-158.3417],"ptsy":[65.34102,50.57938,33.37102,18.404,4.339378,-17.42898],"psi_unity":3.921056,"psi":3.932926,"x":-98.23072,"y":60.29595,"steering_angle":-0.004403247,"throttle":1,"speed":52.7204}]
["telemetry",{"ptsx":[-93.05002,-107.7717,-123.3917,-134.97,-145.1165,-158.3417],"ptsy":[65.34102,50.57938,33.37102,18.404,4.339378,-17.42898],"psi_unity":3.913846,"psi":3.940136,"x":-100.2324,"y":58.26288,"steering_angle":-0.002226474,"throttle":1,"speed":53.51584}]
["telemetry",{"ptsx":[-93.05002,-107.7717,-123.3917,-134.97,-145.1165,-158.3417],"ptsy":[65.34102,50.57938,33.37102,18.404,4.339378,-17.42898],"psi_unity":3.908477,"psi":3.945505,"x":-102.2516,"y":56.18758,"steering_angle":-0.0008592863,"throttle":1,"speed":54.30136}]
["telemetry",{"ptsx":[-93.05002,-107.7717,-123.3917,-134.97,-145.1165,-158.3417],"ptsy":[65.34102,50.57938,33.37102,18.404,4.339378,-17.42898],"psi_unity":3.90461,"psi":3.949372,"x":-104.2903,"y":54.07302,"steering_angle":-0.0004301815,"throttle":1,"speed":55.07707}]
["telemetry",{"ptsx":[-93.05002,-107.7717,-123.3917,-134.97,-145.1165,-158.3417],"ptsy":[65.34102,50.57938,33.37102,18.404,4.339378,-17.42898],"psi_unity":3.90169,"psi":3.952292,"x":-106.35,"y":51.92137,"steering_angle":-0.0009650078,"throttle":1,"speed":55.84323}]
["telemetry",{"ptsx":[-107.7717,-123.3917,-134.97,-145.1165,-158.3417,-164.3164],"ptsy":[50.57938,33.37102,18.404,4.339378,-17.42898,-30.18062],"psi_unity":3.899054,"psi":3.954928,"x":-108.4311,"y":49.73372,"steering_angle":-0.002326639,"throttle":1,"speed":56.59984}]
["telemetry",{"ptsx":[-107.7717,-123.3917,-134.97,-145.1165,-158.3417,-164.3164],"ptsy":[50.57938,33.37102,18.404,4.339378,-17.42898,-30.18062],"psi_unity":3.896001,"psi":3.95798,"x":-110.5327,"y":47.50991,"steering_angle":-0.004320574,"throttle":1,"speed":57.34697}]
["telemetry",{"ptsx":[-107.7717,-123.3917,-134.97,-145.1165,-158.3417,-164.3164],"ptsy":[50.57938,33.37102,18.404,4.339378,-17.42898,-30.18062],"psi_unity":3.891067,"psi":3.962914,"x":-112.651,"y":45.24728,"steering_angle":-0.0103274,"throttle":1,"speed":58.08412}]
["telemetry",{"ptsx":[-107.7717,-123.3917,-134.97,-145.1165,-158.3417,-164.3164],"ptsy":[50.57938,33.37102,18.404,4.339378,-17.42898,-30.18062],"psi_unity":3.884494,"psi":3.969487,"x":-114.7819,"y":42.94275,"steering_angle":-0.00817572,"throttle":1,"speed":58.81266}]
["telemetry",{"ptsx":[-107.7717,-123.3917,-134.97,-145.1165,-158.3417,-164.3164],"ptsy":[50.57938,33.37102,18.404,4.339378,-17.42898,-30.18062],"psi_unity":3.874111,"psi":3.97987,"x":-117.2777,"y":40.19662,"steering_angle":-0.00964712,"throttle":1,"speed":59.65014}]
["telemetry",{"ptsx":[-107.7717,-123.3917,-134.97,-145.1165,-158.3417,-164.3164],"ptsy":[50.57938,33.37102,18.404,4.339378,-17.42898,-30.18062],"psi_unity":3.863933,"psi":3.990049,"x":-119.4205,"y":37.79029,"steering_angle":-0.00964712,"throttle":1,"speed":60.35922}]
["telemetry",{"ptsx":[-107.7717,-123.3917,-134.97,-145.1165,-158.3417,-164.3164],"ptsy":[50.57938,33.37102,18.404,4.339378,-17.42898,-30.18062],"psi_unity":3.852065,"psi":4.001916,"x":-121.5622,"y":35.33269,"steering_angle":-0.01549119,"throttle":1,"speed":61.05826}]
["telemetry",{"ptsx":[-123.3917,-134.97,-145.1165,-158.3417,-164.3164,-169.3365],"ptsy":[33.37102,18.404,4.339378,-17.42898,-30.18062,-42.84062],"psi_unity":3.83982,"psi":4.014162,"x":-123.6994,"y":32.82203,"steering_angle":-0.00804784,"throttle":1,"speed":61.7499}]
["telemetry",{"ptsx":[-123.3917,-134.97,-145.1165,-158.3417,-164.3164,-169.3365],"ptsy":[33.37102,18.404,4.339378,-17.42898,-30.18062,-42.84062],"psi_unity":3.82669,"psi":4.027291,"x":-125.8295,"y":30.25734,"steering_angle":-0.01520915,"throttle":1,"speed":62.4316}]
["telemetry",{"ptsx":[-123.3917,-134.97,-145.1165,-158.3417,-164.3164,-169.3365],"ptsy":[33.37102,18.404,4.339378,-17.42898,-30.18062,-42.84062],"psi_unity":3.813226,"psi":4.040756,"x":-127.9491,"y":27.63704,"steering_angle":-0.009431898,"throttle":1,"speed":63.10602}]
["telemetry",{"ptsx":[-123.3917,-134.97,-145.1165,-158.3417,-164.3164,-169.3365],"ptsy":[33.37102,18.404,4.339378,-17.42898,-30.18062,-42.84062],"psi_unity":3.799351,"psi":4.05463,"x":-130.0562,"y":24.96091,"steering_angle":-0.01358883,"throttle":1,"speed":63.77096}]
["telemetry",{"ptsx":[-123.3917,-134.97,-145.1165,-158.3417,-164.3164,-169.3365],"ptsy":[33.37102,18.404,4.339378,-17.42898,-30.18062,-42.84062],"psi_unity":3.786633,"psi":4.067348,"x":-132.1507,"y":22.23004,"steering_angle":-0.004259216,"throttle":1,"speed":64.42915}]
["telemetry",{"ptsx":[-123.3917,-134.97,-145.1165,-158.3417,-164.3164,-169.3365],"ptsy":[33.37102,18.404,4.339378,-17.42898,-30.18062,-42.84062],"psi_unity":3.774369,"psi":4.079613,"x":-134.2333,"y":19.44628,"steering_angle":-0.01156394,"throttle":1,"speed":65.07774}]
["telemetry",{"ptsx":[-134.97,-145.1165,-158.3417,-164.3164,-169.3365,-175.4917],"ptsy":[18.404,4.339378,-17.42898,-30.18062,-42.84062,-66.52898],"psi_unity":3.764405,"psi":4.089576,"x":-136.3064,"y":16.61243,"steering_angle":0.002133086,"throttle":1,"speed":65.71976}]
["telemetry",{"ptsx":[-134.97,-145.1165,-158.3417,-164.3164,-169.3365,-175.4917],"ptsy":[18.404,4.339378,-17.42898,-30.18062,-42.84062,-66.52898],"psi_unity":3.754685,"psi":4.099297,"x":-138.372,"y":13.73096,"steering_angle":-0.0125218,"throttle":1,"speed":66.35168}]
["telemetry",{"ptsx":[-134.97,-145.1165,-158.3417,-164.3164,-169.3365,-175.4917],"ptsy":[18.404,4.339378,-17.42898,-30.18062,-42.84062,-66.52898],"psi_unity":3.748218,"psi":4.105763,"x":-140.4338,"y":10.80547,"steering_angle":0.01030497,"throttle":1,"speed":66.97718}]
["telemetry",{"ptsx":[-134.97,-145.1165,-158.3417,-164.3164,-169.3365,-175.4917],"ptsy":[18.404,4.339378,-17.42898,-30.18062,-42.84062,-66.52898],"psi_unity":3.740086,"psi":4.113895,"x":-142.4923,"y":7.837289,"steering_angle":-0.02059808,"throttle":1,"speed":67.58994}]
["telemetry",{"ptsx":[-134.97,-145.1165,-158.3417,-164.3164,-169.3365,-175.4917],"ptsy":[18.404,4.339378,-17.42898,-30.18062,-42.84062,-66.52898],"psi_unity":3.735522,"psi":4.11846,"x":-144.5495,"y":4.828438,"steering_angle":0.01879323,"throttle":1,"speed":68.19759}]
["telemetry",{"ptsx":[-145.1165,-158.3417,-164.3164,-169.3365,-175.4917,-176.9617],"ptsy":[4.339378,-17.42898,-30.18062,-42.84062,-66.52898,-76.85062],"psi_unity":3.724828,"psi":4.129153,"x":-146.5995,"y":1.77633,"steering_angle":-0.04017977,"throttle":1,"speed":68.78133}]
["telemetry",{"ptsx":[-145.1165,-158.3417,-164.3164,-169.3365,-175.4917,-176.9617],"ptsy":[4.339378,-17.42898,-30.18062,-42.84062,-66.52898,-76.85062],"psi_unity":3.719716,"psi":4.134265,"x":-148.6418,"y":-1.318534,"steering_angle":0.03555674,"throttle":1,"speed":69.36315}]
["telemetry",{"ptsx":[-145.1165,-158.3417,-164.3164,-169.3365,-175.4917,-176.9617],"ptsy":[4.339378,-17.42898,-30.18062,-42.84062,-66.52898,-76.85062],"psi_unity":3.700688,"psi":4.153293,"x":-150.6602,"y":-4.463478,"steering_angle":-0.07827008,"throttle":1,"speed":69.87838}]
["telemetry",{"ptsx":[-145.1165,-158.3417,-164.3164,-169.3365,-175.4917,-176.9617],"ptsy":[4.339378,-17.42898,-30.18062,-42.84062,-66.52898,-76.85062],"psi_unity":3.694733,"psi":4.159248,"x":-152.6549,"y":-7.65584,"steering_angle":0.0766861,"throttle":1,"speed":70.38531}]
["telemetry",{"ptsx":[-145.1165,-158.3417,-164.3164,-169.3365,-175.4917,-176.9617],"ptsy":[4.339378,-17.42898,-30.18062,-42.84062,-66.52898,-76.85062],"psi_unity":3.664423,"psi":4.189559,"x":-154.6027,"y":-10.90111,"steering_angle":-0.1507452,"throttle":1,"speed":70.69321}]
["telemetry",{"ptsx":[-145.1165,-158.3417,-164.3164,-169.3365,-175.4917,-176.9617],"ptsy":[4.339378,-17.42898,-30.18062,-42.84062,-66.52898,-76.85062],"psi_unity":3.656711,"psi":4.19727,"x":-156.4938,"y":-14.19631,"steering_angle":0.1736325,"throttle":1,"speed":70.92587}]
["telemetry",{"ptsx":[-158.3417,-164.3164,-169.3365,-175.4917,-176.9617,-176.8864],"ptsy":[-17.42898,-30.18062,-42.84062,-66.52898,-76.85062,-90.64063],"psi_unity":3.638243,"psi":4.215738,"x":-158.3652,"y":-17.50898,"steering_angle":-0.2979873,"throttle":1,"speed":70.90118}]
["telemetry",{"ptsx":[-158.3417,-164.3164,-169.3365,-175.4917,-176.9617,-176.8864],"ptsy":[-17.42898,-30.18062,-42.84062,-66.52898,-76.85062,-90.64063],"psi_unity":3.633979,"psi":4.220002,"x":-160.1793,"y":-20.84937,"steering_angle":0.3851222,"throttle":1,"speed":70.78893}]
["telemetry",{"ptsx":[-158.3417,-164.3164,-169.3365,-175.4917,-176.9617,-176.8864],"ptsy":[-17.42898,-30.18062,-42.84062,-66.52898,-76.85062,-90.64063],"psi_unity":3.615159,"psi":4.238823,"x":-162.2693,"y":-24.74777,"steering_angle":-0.4363323,"throttle":1,"speed":70.56383}]
["telemetry",{"ptsx":[-158.3417,-164.3164,-169.3365,-175.4917,-176.9617,-176.8864],"ptsy":[-17.42898,-30.18062,-42.84062,-66.52898,-76.85062,-90.64063],"psi_unity":3.609268,"psi":4.244713,"x":-163.9905,"y":-28.11283,"steering_angle":0.4363323,"throttle":1,"speed":70.36662}]
["telemetry",{"ptsx":[-164.3164,-169.3365,-175.4917,-176.9617,-176.8864,-175.0817],"ptsy":[-30.18062,-42.84062,-66.52898,-76.85062,-90.64063,-100.3206],"psi_unity":3.595488,"psi":4.258494,"x":-165.6922,"y":-31.47535,"steering_angle":-0.4363323,"throttle":1,"speed":70.15894}]
["telemetry",{"ptsx":[-164.3164,-169.3365,-175.4917,-176.9617,-176.8864,-175.0817],"ptsy":[-30.18062,-42.84062,-66.52898,-76.85062,-90.64063,-100.3206],"psi_unity":3.596935,"psi":4.257046,"x":-167.3532,"y":-34.84623,"steering_angle":0.4363323,"throttle":1,"speed":69.96242}]
["telemetry",{"ptsx":[-164.3164,-169.3365,-175.4917,-176.9617,-176.8864,-175.0817],"ptsy":[-30.18062,-42.84062,-66.52898,-76.85062,-90.64063,-100.3206],"psi_unity":3.58867,"psi":4.265311,"x":-169.012,"y":-38.20609,"steering_angle":-0.4363323,"throttle":1,"speed":69.75095}]
